d35dc90d-bdba-4012-970f-8221fb99d40b Namespace(delta=0.001, samples=20, freeze=False, skip_n_firsts=216, base_epochs=3, baye_epochs=1, hidden_size=768, model_name='bert-base-uncased', num_labels=384, alpha=2.0, beta=1.0, gamma=3.0, auto_name=True, name='unnamed', dryrun=False)
f32fb42b-8ac9-4553-9523-44bc749bcff7 Namespace(delta=0.01, samples=20, freeze=False, skip_n_firsts=216, base_epochs=3, baye_epochs=1, hidden_size=768, model_name='bert-base-uncased', num_labels=384, alpha=2.0, beta=1.0, gamma=3.0, auto_name=True, name='unnamed', dryrun=False)
1c9d8f04-78c5-4b07-be40-9ec27ebb9af4 Namespace(delta=0.1, samples=20, freeze=False, skip_n_firsts=216, base_epochs=3, baye_epochs=1, hidden_size=768, model_name='bert-base-uncased', num_labels=384, alpha=2.0, beta=1.0, gamma=3.0, auto_name=True, name='unnamed', dryrun=False)
0c77f7da-1e2c-46a0-bc04-a23b35719e48 Namespace(delta=0.09, samples=20, freeze=False, skip_n_firsts=216, base_epochs=3, baye_epochs=1, hidden_size=768, model_name='bert-base-uncased', num_labels=384, alpha=2.0, beta=1.0, gamma=3.0, auto_name=True, name='unnamed', dryrun=False)
459e6678-1099-4a0d-992c-523e184f9cdd Namespace(delta=0.07, samples=20, freeze=False, skip_n_firsts=216, base_epochs=3, baye_epochs=1, hidden_size=768, model_name='bert-base-uncased', num_labels=384, alpha=2.0, beta=1.0, gamma=3.0, auto_name=True, name='unnamed', dryrun=False)
6be67663-dedd-4cc1-99a4-941905c4ae2d Namespace(delta=0.05, samples=20, freeze=False, skip_n_firsts=216, base_epochs=3, baye_epochs=1, hidden_size=768, model_name='bert-base-uncased', num_labels=384, alpha=2.0, beta=1.0, gamma=3.0, auto_name=True, name='unnamed', dryrun=False)
fcf2d69f-c51b-4c28-a381-79302d4858cf Namespace(delta=0.03, samples=20, freeze=False, skip_n_firsts=216, base_epochs=3, baye_epochs=1, hidden_size=768, model_name='bert-base-uncased', num_labels=384, alpha=2.0, beta=1.0, gamma=3.0, auto_name=True, name='unnamed', dryrun=False)

b8ae7b27-9255-4e15-846d-cef21a39af8c Namespace(delta=0.03, samples=20, freeze=False, skip_n_firsts=216, base_epochs=3, baye_epochs=1, hidden_size=768, model_name='bert-base-uncased', num_labels=384, alpha=2.0, beta=1.0, gamma=3.0, auto_name=True, name='unnamed', dryrun=False)
d0ee5b49-6b94-4e3c-8115-f059add64b9a Namespace(delta=0.05, samples=20, freeze=False, skip_n_firsts=216, base_epochs=3, baye_epochs=1, hidden_size=768, model_name='bert-base-uncased', num_labels=384, alpha=2.0, beta=1.0, gamma=3.0, auto_name=True, name='unnamed', dryrun=False)
25311275-ac9a-41ee-a0c5-280d44adc90a Namespace(delta=0.07, samples=20, freeze=False, skip_n_firsts=216, base_epochs=3, baye_epochs=1, hidden_size=768, model_name='bert-base-uncased', num_labels=384, alpha=2.0, beta=1.0, gamma=3.0, auto_name=True, name='unnamed', dryrun=False)
9e3dbf1b-a984-4fbd-b468-270e9d31b9c6 Namespace(delta=0.009, samples=20, freeze=False, skip_n_firsts=216, base_epochs=3, baye_epochs=1, hidden_size=768, model_name='bert-base-uncased', num_labels=384, alpha=2.0, beta=1.0, gamma=3.0, auto_name=True, name='unnamed', dryrun=False)
57ca9cce-ed07-422c-94e7-d56827316898 Namespace(delta=0.008, samples=20, freeze=False, skip_n_firsts=216, base_epochs=3, baye_epochs=1, hidden_size=768, model_name='bert-base-uncased', num_labels=384, alpha=2.0, beta=1.0, gamma=3.0, auto_name=True, name='unnamed', dryrun=False)

LR Corrigé
999c7f22-3af0-4383-9a1b-019556967e02 Namespace(delta=0.001, samples=20, freeze=False, skip_n_firsts=216, base_epochs=3, baye_epochs=1, hidden_size=768, model_name='bert-base-uncased', num_labels=384, lr=0.001, alpha=2.0, beta=1.0, gamma=3.0, auto_name=True, name='unnamed', dryrun=False)
921df3e4-cab3-47cd-9689-afe53398de92 Namespace(delta=0.01, samples=20, freeze=False, skip_n_firsts=216, base_epochs=3, baye_epochs=1, hidden_size=768, model_name='bert-base-uncased', num_labels=384, lr=0.001, alpha=2.0, beta=1.0, gamma=3.0, auto_name=True, name='unnamed', dryrun=False)
fb9cef64-bf93-45fb-9cba-e800f20febfc Namespace(delta=0.1, samples=20, freeze=False, skip_n_firsts=216, base_epochs=3, baye_epochs=1, hidden_size=768, model_name='bert-base-uncased', num_labels=384, lr=0.001, alpha=2.0, beta=1.0, gamma=3.0, auto_name=True, name='unnamed', dryrun=False)
4392a0e6-1ecd-4508-b29d-15cec122d241 Namespace(delta=0.09, samples=20, freeze=False, skip_n_firsts=216, base_epochs=3, baye_epochs=1, hidden_size=768, model_name='bert-base-uncased', num_labels=384, lr=0.001, alpha=2.0, beta=1.0, gamma=3.0, auto_name=True, name='unnamed', dryrun=False)
8818b2b7-759a-462d-8e92-4c1b320e5cd7 Namespace(delta=0.07, samples=20, freeze=False, skip_n_firsts=216, base_epochs=3, baye_epochs=1, hidden_size=768, model_name='bert-base-uncased', num_labels=384, lr=0.001, alpha=2.0, beta=1.0, gamma=3.0, auto_name=True, name='unnamed', dryrun=False)
9d23cdbb-d9ee-47b2-8913-54855b85532f Namespace(delta=0.05, samples=20, freeze=False, skip_n_firsts=216, base_epochs=3, baye_epochs=1, hidden_size=768, model_name='bert-base-uncased', num_labels=384, lr=0.001, alpha=2.0, beta=1.0, gamma=3.0, auto_name=True, name='unnamed', dryrun=False)
314c579d-eacf-4074-9a68-7d8c387c5449 Namespace(delta=0.03, samples=20, freeze=False, skip_n_firsts=216, base_epochs=3, baye_epochs=1, hidden_size=768, model_name='bert-base-uncased', num_labels=384, lr=0.001, alpha=2.0, beta=1.0, gamma=3.0, auto_name=True, name='unnamed', dryrun=False)
unnamed Namespace(delta=0.001, samples=20, freeze=False, skip_n_firsts=180, base_epochs=1, baye_epochs=1, hidden_size=768, model_name='bert-base-uncased', num_labels=384, lr=0.0001, batch_size=3, num_workers=0, alpha=2.0, beta=1.0, gamma=3.0, auto_name=False, name='unnamed', dryrun=False)
unnamed Namespace(delta=0.001, samples=20, freeze=False, skip_n_firsts=180, base_epochs=1, baye_epochs=1, hidden_size=768, model_name='bert-base-uncased', num_labels=384, lr=0.001, batch_size=3, num_workers=0, alpha=2.0, beta=1.0, gamma=3.0, auto_name=False, name='unnamed', dryrun=False)
unnamed Namespace(delta=0.001, samples=20, freeze=False, skip_n_firsts=180, base_epochs=1, baye_epochs=1, hidden_size=768, model_name='bert-base-uncased', num_labels=384, lr=0.01, batch_size=3, num_workers=0, alpha=2.0, beta=1.0, gamma=3.0, auto_name=False, name='unnamed', dryrun=False)
03f35c2e-4cc3-49bc-8feb-6b4cc5669f0f Namespace(delta=0.001, samples=20, freeze=False, skip_n_firsts=180, base_epochs=1, baye_epochs=1, hidden_size=768, model_name='bert-base-uncased', num_labels=384, lr=0.01, batch_size=3, num_workers=0, alpha=2.0, beta=1.0, gamma=3.0, auto_name=True, name='unnamed', dryrun=False)
7eed0a18-c65c-4042-a03c-14305ec6222e Namespace(delta=0.001, samples=20, freeze=False, skip_n_firsts=180, base_epochs=1, baye_epochs=1, hidden_size=768, model_name='bert-base-uncased', num_labels=384, lr=0.001, batch_size=3, num_workers=0, alpha=2.0, beta=1.0, gamma=3.0, auto_name=True, name='unnamed', dryrun=False)
78beae66-8ee1-443d-ba7b-b21937125ac3 Namespace(delta=0.001, samples=20, freeze=False, skip_n_firsts=180, base_epochs=1, baye_epochs=1, hidden_size=768, model_name='bert-base-uncased', num_labels=384, lr=0.0001, batch_size=3, num_workers=0, alpha=2.0, beta=1.0, gamma=3.0, auto_name=True, name='unnamed', dryrun=False)
56d8e111-9044-44b0-8aeb-9b3f8ae71648 Namespace(delta=0.01, samples=20, freeze=False, skip_n_firsts=180, base_epochs=1, baye_epochs=1, hidden_size=768, model_name='bert-base-uncased', num_labels=384, lr=0.0001, batch_size=3, num_workers=0, alpha=2.0, beta=1.0, gamma=3.0, auto_name=True, name='unnamed', dryrun=False)
fe637b93-9b3e-49be-aaba-fead60454aca Namespace(delta=0.1, samples=20, freeze=False, skip_n_firsts=180, base_epochs=1, baye_epochs=1, hidden_size=768, model_name='bert-base-uncased', num_labels=384, lr=0.0001, batch_size=3, num_workers=0, alpha=2.0, beta=1.0, gamma=3.0, auto_name=True, name='unnamed', dryrun=False)
7d1318d7-6dab-4efc-8dae-f16efb2e9320 Namespace(delta=0.1, samples=20, freeze=False, skip_n_firsts=180, base_epochs=1, baye_epochs=1, hidden_size=768, model_name='bert-base-uncased', num_labels=384, lr=0.0001, batch_size=3, num_workers=0, alpha=2.0, beta=1.0, gamma=3.0, auto_name=True, name='unnamed', dryrun=False)
#fix this stuff6baa46a7-5e16-4be2-944c-590540057785 Namespace(delta=0.1, samples=20, freeze=False, skip_n_firsts=180, base_epochs=1, baye_epochs=1, hidden_size=768, model_name='bert-base-uncased', num_labels=384, lr=0.0001, batch_size=3, num_workers=0, alpha=2.0, beta=1.0, gamma=3.0, auto_name=True, name='unnamed', dryrun=False)
2f91e994-3b20-4ab3-acd6-8aac1b4a280f Namespace(delta=0.01, samples=20, freeze=False, skip_n_firsts=180, base_epochs=1, baye_epochs=1, hidden_size=768, model_name='bert-base-uncased', num_labels=384, lr=0.0001, batch_size=3, num_workers=0, alpha=2.0, beta=1.0, gamma=3.0, auto_name=True, name='unnamed', dryrun=False)
10b62631-8bdf-47ea-92a3-7c76e24b79c7 Namespace(delta=0.001, samples=20, freeze=False, skip_n_firsts=180, base_epochs=1, baye_epochs=1, hidden_size=768, model_name='bert-base-uncased', num_labels=384, lr=0.0001, batch_size=3, num_workers=0, alpha=2.0, beta=1.0, gamma=3.0, auto_name=True, name='unnamed', dryrun=False)
